<?xml version="1.0" encoding="UTF-8"?>
<testsuite name="com.example.java.MainTests" tests="1" skipped="0" failures="0" errors="0" timestamp="2023-07-01T04:14:43" hostname="gimjinseong-ui-MacBookPro.local" time="0.293">
  <properties/>
  <testcase name="contextLoads()" classname="com.example.java.MainTests" time="0.293"/>
  <system-out><![CDATA[13:14:42.240 [Test worker] DEBUG org.springframework.test.context.BootstrapUtils - Instantiating CacheAwareContextLoaderDelegate from class [org.springframework.test.context.cache.DefaultCacheAwareContextLoaderDelegate]
13:14:42.249 [Test worker] DEBUG org.springframework.test.context.BootstrapUtils - Instantiating BootstrapContext using constructor [public org.springframework.test.context.support.DefaultBootstrapContext(java.lang.Class,org.springframework.test.context.CacheAwareContextLoaderDelegate)]
13:14:42.277 [Test worker] DEBUG org.springframework.test.context.BootstrapUtils - Instantiating TestContextBootstrapper for test class [com.example.java.MainTests] from class [org.springframework.boot.test.context.SpringBootTestContextBootstrapper]
13:14:42.286 [Test worker] INFO org.springframework.boot.test.context.SpringBootTestContextBootstrapper - Neither @ContextConfiguration nor @ContextHierarchy found for test class [com.example.java.MainTests], using SpringBootContextLoader
13:14:42.288 [Test worker] DEBUG org.springframework.test.context.support.AbstractContextLoader - Did not detect default resource location for test class [com.example.java.MainTests]: class path resource [com/example/java/MainTests-context.xml] does not exist
13:14:42.289 [Test worker] DEBUG org.springframework.test.context.support.AbstractContextLoader - Did not detect default resource location for test class [com.example.java.MainTests]: class path resource [com/example/java/MainTestsContext.groovy] does not exist
13:14:42.289 [Test worker] INFO org.springframework.test.context.support.AbstractContextLoader - Could not detect default resource locations for test class [com.example.java.MainTests]: no resource found for suffixes {-context.xml, Context.groovy}.
13:14:42.289 [Test worker] INFO org.springframework.test.context.support.AnnotationConfigContextLoaderUtils - Could not detect default configuration classes for test class [com.example.java.MainTests]: MainTests does not declare any static, non-private, non-final, nested classes annotated with @Configuration.
13:14:42.321 [Test worker] DEBUG org.springframework.test.context.support.ActiveProfilesUtils - Could not find an 'annotation declaring class' for annotation type [org.springframework.test.context.ActiveProfiles] and class [com.example.java.MainTests]
13:14:42.365 [Test worker] DEBUG org.springframework.context.annotation.ClassPathScanningCandidateComponentProvider - Identified candidate component class: file [/Users/gimjinseong/Desktop/java-personal/build/classes/java/main/com/example/java/Main.class]
13:14:42.365 [Test worker] INFO org.springframework.boot.test.context.SpringBootTestContextBootstrapper - Found @SpringBootConfiguration com.example.java.Main for test class com.example.java.MainTests
13:14:42.445 [Test worker] DEBUG org.springframework.boot.test.context.SpringBootTestContextBootstrapper - @TestExecutionListeners is not present for class [com.example.java.MainTests]: using defaults.
13:14:42.445 [Test worker] INFO org.springframework.boot.test.context.SpringBootTestContextBootstrapper - Loaded default TestExecutionListener class names from location [META-INF/spring.factories]: [org.springframework.boot.test.autoconfigure.restdocs.RestDocsTestExecutionListener, org.springframework.boot.test.autoconfigure.web.client.MockRestServiceServerResetTestExecutionListener, org.springframework.boot.test.autoconfigure.web.servlet.MockMvcPrintOnlyOnFailureTestExecutionListener, org.springframework.boot.test.autoconfigure.web.servlet.WebDriverTestExecutionListener, org.springframework.boot.test.autoconfigure.webservices.client.MockWebServiceServerTestExecutionListener, org.springframework.boot.test.mock.mockito.MockitoTestExecutionListener, org.springframework.boot.test.mock.mockito.ResetMocksTestExecutionListener, org.springframework.test.context.web.ServletTestExecutionListener, org.springframework.test.context.support.DirtiesContextBeforeModesTestExecutionListener, org.springframework.test.context.event.ApplicationEventsTestExecutionListener, org.springframework.test.context.support.DependencyInjectionTestExecutionListener, org.springframework.test.context.support.DirtiesContextTestExecutionListener, org.springframework.test.context.transaction.TransactionalTestExecutionListener, org.springframework.test.context.jdbc.SqlScriptsTestExecutionListener, org.springframework.test.context.event.EventPublishingTestExecutionListener]
13:14:42.453 [Test worker] DEBUG org.springframework.boot.test.context.SpringBootTestContextBootstrapper - Skipping candidate TestExecutionListener [org.springframework.test.context.transaction.TransactionalTestExecutionListener] due to a missing dependency. Specify custom listener classes or make the default listener classes and their required dependencies available. Offending class: [org/springframework/transaction/TransactionDefinition]
13:14:42.454 [Test worker] DEBUG org.springframework.boot.test.context.SpringBootTestContextBootstrapper - Skipping candidate TestExecutionListener [org.springframework.test.context.jdbc.SqlScriptsTestExecutionListener] due to a missing dependency. Specify custom listener classes or make the default listener classes and their required dependencies available. Offending class: [org/springframework/transaction/interceptor/TransactionAttribute]
13:14:42.454 [Test worker] INFO org.springframework.boot.test.context.SpringBootTestContextBootstrapper - Using TestExecutionListeners: [org.springframework.test.context.web.ServletTestExecutionListener@1df98368, org.springframework.test.context.support.DirtiesContextBeforeModesTestExecutionListener@21ca139c, org.springframework.test.context.event.ApplicationEventsTestExecutionListener@226f885f, org.springframework.boot.test.mock.mockito.MockitoTestExecutionListener@2cd2c8fe, org.springframework.boot.test.autoconfigure.SpringBootDependencyInjectionTestExecutionListener@7d61eccf, org.springframework.test.context.support.DirtiesContextTestExecutionListener@cc6460c, org.springframework.test.context.event.EventPublishingTestExecutionListener@52350abb, org.springframework.boot.test.autoconfigure.restdocs.RestDocsTestExecutionListener@681aad3b, org.springframework.boot.test.autoconfigure.web.client.MockRestServiceServerResetTestExecutionListener@1a6f2363, org.springframework.boot.test.autoconfigure.web.servlet.MockMvcPrintOnlyOnFailureTestExecutionListener@2427e004, org.springframework.boot.test.autoconfigure.web.servlet.WebDriverTestExecutionListener@5ebd56e9, org.springframework.boot.test.autoconfigure.webservices.client.MockWebServiceServerTestExecutionListener@63f34b70, org.springframework.boot.test.mock.mockito.ResetMocksTestExecutionListener@641856]
13:14:42.456 [Test worker] DEBUG org.springframework.test.context.support.AbstractDirtiesContextTestExecutionListener - Before test class: context [DefaultTestContext@1051817b testClass = MainTests, testInstance = [null], testMethod = [null], testException = [null], mergedContextConfiguration = [WebMergedContextConfiguration@35293c05 testClass = MainTests, locations = '{}', classes = '{class com.example.java.Main}', contextInitializerClasses = '[]', activeProfiles = '{}', propertySourceLocations = '{}', propertySourceProperties = '{org.springframework.boot.test.context.SpringBootTestContextBootstrapper=true}', contextCustomizers = set[org.springframework.boot.test.autoconfigure.actuate.metrics.MetricsExportContextCustomizerFactory$DisableMetricExportContextCustomizer@aafcffa, org.springframework.boot.test.autoconfigure.properties.PropertyMappingContextCustomizer@0, org.springframework.boot.test.autoconfigure.web.servlet.WebDriverContextCustomizerFactory$Customizer@5553d0f5, org.springframework.boot.test.context.filter.ExcludeFilterContextCustomizer@5a411614, org.springframework.boot.test.json.DuplicateJsonObjectContextCustomizerFactory$DuplicateJsonObjectContextCustomizer@424fd310, org.springframework.boot.test.mock.mockito.MockitoContextCustomizer@0, org.springframework.boot.test.web.client.TestRestTemplateContextCustomizer@32c8e539, org.springframework.boot.test.context.SpringBootTestArgs@1, org.springframework.boot.test.context.SpringBootTestWebEnvironment@7bbc8656], resourceBasePath = 'src/main/webapp', contextLoader = 'org.springframework.boot.test.context.SpringBootContextLoader', parent = [null]], attributes = map['org.springframework.test.context.web.ServletTestExecutionListener.activateListener' -> true]], class annotated with @DirtiesContext [false] with mode [null].

  .   ____          _            __ _ _
 /\\ / ___'_ __ _ _(_)_ __  __ _ \ \ \ \
( ( )\___ | '_ | '_| | '_ \/ _` | \ \ \ \
 \\/  ___)| |_)| | | | | || (_| |  ) ) ) )
  '  |____| .__|_| |_|_| |_\__, | / / / /
 =========|_|==============|___/=/_/_/_/
 :: Spring Boot ::                (v2.7.1)

2023-07-01 13:14:42.929  INFO 2934 --- [    Test worker] com.example.java.MainTests               : Starting MainTests using Java 11.0.15.1 on gimjinseong-ui-MacBookPro.local with PID 2934 (started by gimjinseong in /Users/gimjinseong/Desktop/java-personal)
2023-07-01 13:14:42.930  INFO 2934 --- [    Test worker] com.example.java.MainTests               : No active profile set, falling back to 1 default profile: "default"
2023-07-01 13:14:43.907  INFO 2934 --- [    Test worker] com.example.java.MainTests               : Started MainTests in 1.421 seconds (JVM running for 2.285)
]]></system-out>
  <system-err><![CDATA[]]></system-err>
</testsuite>
